{"C:\\Users\\Sparremberger\\Desktop\\GitHub\\backend-recados-redis\\app.ts": {"path":"C:\\Users\\Sparremberger\\Desktop\\GitHub\\backend-recados-redis\\app.ts","statementMap":{"0":{"start":{"line":1,"column":0},"end":{"line":1,"column":26}},"1":{"start":{"line":2,"column":0},"end":{"line":2,"column":67}},"2":{"start":{"line":3,"column":0},"end":{"line":3,"column":28}},"3":{"start":{"line":4,"column":0},"end":{"line":4,"column":39}},"4":{"start":{"line":5,"column":0},"end":{"line":5,"column":48}},"5":{"start":{"line":6,"column":11},"end":{"line":6,"column":26}},"6":{"start":{"line":8,"column":12},"end":{"line":8,"column":21}},"7":{"start":{"line":9,"column":0},"end":{"line":9,"column":16}},"8":{"start":{"line":12,"column":11},"end":{"line":12,"column":42}},"9":{"start":{"line":13,"column":0},"end":{"line":13,"column":16}},"10":{"start":{"line":14,"column":0},"end":{"line":14,"column":24}},"11":{"start":{"line":15,"column":0},"end":{"line":15,"column":48}},"12":{"start":{"line":17,"column":0},"end":{"line":17,"column":30}},"13":{"start":{"line":18,"column":0},"end":{"line":20,"column":3}},"14":{"start":{"line":19,"column":4},"end":{"line":19,"column":28}},"15":{"start":{"line":22,"column":0},"end":{"line":22,"column":19}}},"fnMap":{"0":{"name":"(anonymous_1)","decl":{"start":{"line":18,"column":13},"end":{"line":18,"column":14}},"loc":{"start":{"line":18,"column":45},"end":{"line":20,"column":1}}}},"branchMap":{},"s":{"0":1,"1":1,"2":1,"3":1,"4":1,"5":1,"6":1,"7":1,"8":1,"9":1,"10":1,"11":1,"12":1,"13":1,"14":1,"15":1},"f":{"0":1},"b":{}}
,"C:\\Users\\Sparremberger\\Desktop\\GitHub\\backend-recados-redis\\controllers\\recadoController.ts": {"path":"C:\\Users\\Sparremberger\\Desktop\\GitHub\\backend-recados-redis\\controllers\\recadoController.ts","statementMap":{"0":{"start":{"line":2,"column":0},"end":{"line":2,"column":57}},"1":{"start":{"line":3,"column":14},"end":{"line":3,"column":32}},"2":{"start":{"line":4,"column":14},"end":{"line":4,"column":25}},"3":{"start":{"line":6,"column":20},"end":{"line":30,"column":1}},"4":{"start":{"line":7,"column":33},"end":{"line":7,"column":41}},"5":{"start":{"line":8,"column":4},"end":{"line":8,"column":26}},"6":{"start":{"line":10,"column":19},"end":{"line":10,"column":60}},"7":{"start":{"line":12,"column":22},"end":{"line":20,"column":6}},"8":{"start":{"line":29,"column":4},"end":{"line":29,"column":40}},"9":{"start":{"line":92,"column":9},"end":{"line":92,"column":20}},"10":{"start":{"line":32,"column":19},"end":{"line":82,"column":1}},"11":{"start":{"line":56,"column":20},"end":{"line":56,"column":39}},"12":{"start":{"line":81,"column":4},"end":{"line":81,"column":41}},"13":{"start":{"line":92,"column":22},"end":{"line":92,"column":32}},"14":{"start":{"line":84,"column":18},"end":{"line":90,"column":1}},"15":{"start":{"line":85,"column":19},"end":{"line":85,"column":27}},"16":{"start":{"line":86,"column":4},"end":{"line":86,"column":20}},"17":{"start":{"line":87,"column":23},"end":{"line":87,"column":46}},"18":{"start":{"line":89,"column":4},"end":{"line":89,"column":44}},"19":{"start":{"line":92,"column":34},"end":{"line":92,"column":43}}},"fnMap":{"0":{"name":"(anonymous_0)","decl":{"start":{"line":6,"column":20},"end":{"line":6,"column":25}},"loc":{"start":{"line":6,"column":58},"end":{"line":30,"column":1}}},"1":{"name":"(anonymous_1)","decl":{"start":{"line":32,"column":19},"end":{"line":32,"column":24}},"loc":{"start":{"line":32,"column":57},"end":{"line":82,"column":1}}},"2":{"name":"(anonymous_2)","decl":{"start":{"line":84,"column":18},"end":{"line":84,"column":23}},"loc":{"start":{"line":84,"column":56},"end":{"line":90,"column":1}}}},"branchMap":{},"s":{"0":1,"1":1,"2":1,"3":1,"4":1,"5":1,"6":1,"7":1,"8":1,"9":1,"10":1,"11":1,"12":1,"13":1,"14":1,"15":1,"16":1,"17":1,"18":1,"19":1},"f":{"0":1,"1":1,"2":1},"b":{}}
,"C:\\Users\\Sparremberger\\Desktop\\GitHub\\backend-recados-redis\\db\\connection.ts": {"path":"C:\\Users\\Sparremberger\\Desktop\\GitHub\\backend-recados-redis\\db\\connection.ts","statementMap":{"0":{"start":{"line":1,"column":0},"end":{"line":1,"column":55}},"1":{"start":{"line":7,"column":8},"end":{"line":9,"column":null}},"2":{"start":{"line":8,"column":12},"end":{"line":8,"column":59}},"3":{"start":{"line":11,"column":8},"end":{"line":11,"column":35}},"4":{"start":{"line":15,"column":8},"end":{"line":18,"column":null}},"5":{"start":{"line":16,"column":12},"end":{"line":16,"column":59}},"6":{"start":{"line":17,"column":12},"end":{"line":17,"column":42}},"7":{"start":{"line":22,"column":8},"end":{"line":24,"column":null}},"8":{"start":{"line":23,"column":12},"end":{"line":23,"column":59}},"9":{"start":{"line":26,"column":8},"end":{"line":26,"column":42}},"10":{"start":{"line":3,"column":0},"end":{"line":3,"column":21}}},"fnMap":{"0":{"name":"(anonymous_0)","decl":{"start":{"line":6,"column":11},"end":{"line":6,"column":17}},"loc":{"start":{"line":6,"column":31},"end":{"line":12,"column":5}}},"1":{"name":"(anonymous_1)","decl":{"start":{"line":14,"column":11},"end":{"line":14,"column":16}},"loc":{"start":{"line":14,"column":31},"end":{"line":19,"column":5}}},"2":{"name":"(anonymous_2)","decl":{"start":{"line":21,"column":11},"end":{"line":21,"column":16}},"loc":{"start":{"line":21,"column":35},"end":{"line":27,"column":5}}}},"branchMap":{"0":{"loc":{"start":{"line":7,"column":8},"end":{"line":9,"column":null}},"type":"if","locations":[{"start":{"line":7,"column":8},"end":{"line":9,"column":null}},{"start":{"line":7,"column":8},"end":{"line":9,"column":null}}]},"1":{"loc":{"start":{"line":15,"column":8},"end":{"line":18,"column":null}},"type":"if","locations":[{"start":{"line":15,"column":8},"end":{"line":18,"column":null}},{"start":{"line":15,"column":8},"end":{"line":18,"column":null}}]},"2":{"loc":{"start":{"line":22,"column":8},"end":{"line":24,"column":null}},"type":"if","locations":[{"start":{"line":22,"column":8},"end":{"line":24,"column":null}},{"start":{"line":22,"column":8},"end":{"line":24,"column":null}}]}},"s":{"0":1,"1":2,"2":0,"3":2,"4":3,"5":2,"6":2,"7":1,"8":0,"9":1,"10":1},"f":{"0":2,"1":3,"2":1},"b":{"0":[0,2],"1":[2,1],"2":[0,1]}}
,"C:\\Users\\Sparremberger\\Desktop\\GitHub\\backend-recados-redis\\db\\entities\\recados.entities.ts": {"path":"C:\\Users\\Sparremberger\\Desktop\\GitHub\\backend-recados-redis\\db\\entities\\recados.entities.ts","statementMap":{"0":{"start":{"line":1,"column":0},"end":{"line":1,"column":26}},"1":{"start":{"line":2,"column":0},"end":{"line":2,"column":null}},"2":{"start":{"line":10,"column":0},"end":{"line":10,"column":34}},"3":{"start":{"line":13,"column":0},"end":{"line":55,"column":null}},"4":{"start":{"line":48,"column":8},"end":{"line":48,"column":16}},"5":{"start":{"line":49,"column":8},"end":{"line":49,"column":29}},"6":{"start":{"line":50,"column":8},"end":{"line":50,"column":33}},"7":{"start":{"line":51,"column":8},"end":{"line":51,"column":23}},"8":{"start":{"line":52,"column":8},"end":{"line":52,"column":35}},"9":{"start":{"line":53,"column":8},"end":{"line":53,"column":35}},"10":{"start":{"line":31,"column":8},"end":{"line":31,"column":26}},"11":{"start":{"line":32,"column":8},"end":{"line":32,"column":46}},"12":{"start":{"line":33,"column":8},"end":{"line":33,"column":46}},"13":{"start":{"line":38,"column":8},"end":{"line":38,"column":46}},"14":{"start":{"line":15,"column":4},"end":{"line":15,"column":null}},"15":{"start":{"line":18,"column":4},"end":{"line":18,"column":null}},"16":{"start":{"line":21,"column":4},"end":{"line":21,"column":null}},"17":{"start":{"line":24,"column":4},"end":{"line":24,"column":null}},"18":{"start":{"line":27,"column":4},"end":{"line":27,"column":null}},"19":{"start":{"line":30,"column":4},"end":{"line":34,"column":null}},"20":{"start":{"line":37,"column":4},"end":{"line":39,"column":null}},"21":{"start":{"line":13,"column":13},"end":{"line":55,"column":null}},"22":{"start":{"line":13,"column":13},"end":{"line":13,"column":19}}},"fnMap":{"0":{"name":"(anonymous_2)","decl":{"start":{"line":41,"column":4},"end":{"line":41,"column":null}},"loc":{"start":{"line":46,"column":24},"end":{"line":54,"column":5}}},"1":{"name":"(anonymous_3)","decl":{"start":{"line":30,"column":12},"end":{"line":30,"column":24}},"loc":{"start":{"line":30,"column":24},"end":{"line":34,"column":5}}},"2":{"name":"(anonymous_4)","decl":{"start":{"line":37,"column":12},"end":{"line":37,"column":24}},"loc":{"start":{"line":37,"column":24},"end":{"line":39,"column":5}}}},"branchMap":{},"s":{"0":1,"1":1,"2":1,"3":1,"4":6,"5":6,"6":6,"7":6,"8":6,"9":6,"10":3,"11":3,"12":3,"13":0,"14":1,"15":1,"16":1,"17":1,"18":1,"19":1,"20":1,"21":1,"22":1},"f":{"0":6,"1":3,"2":0},"b":{}}
,"C:\\Users\\Sparremberger\\Desktop\\GitHub\\backend-recados-redis\\db\\migrations\\1628458160675-CreateTableRecado.ts": {"path":"C:\\Users\\Sparremberger\\Desktop\\GitHub\\backend-recados-redis\\db\\migrations\\1628458160675-CreateTableRecado.ts","statementMap":{"0":{"start":{"line":1,"column":0},"end":{"line":1,"column":65}},"1":{"start":{"line":5,"column":8},"end":{"line":40,"column":10}},"2":{"start":{"line":44,"column":8},"end":{"line":44,"column":46}},"3":{"start":{"line":3,"column":0},"end":{"line":3,"column":13}}},"fnMap":{"0":{"name":"(anonymous_0)","decl":{"start":{"line":4,"column":11},"end":{"line":4,"column":16}},"loc":{"start":{"line":4,"column":44},"end":{"line":41,"column":5}}},"1":{"name":"(anonymous_1)","decl":{"start":{"line":43,"column":11},"end":{"line":43,"column":16}},"loc":{"start":{"line":43,"column":46},"end":{"line":45,"column":5}}}},"branchMap":{},"s":{"0":1,"1":0,"2":0,"3":1},"f":{"0":0,"1":0},"b":{}}
,"C:\\Users\\Sparremberger\\Desktop\\GitHub\\backend-recados-redis\\routes\\recadoRoute.ts": {"path":"C:\\Users\\Sparremberger\\Desktop\\GitHub\\backend-recados-redis\\routes\\recadoRoute.ts","statementMap":{"0":{"start":{"line":1,"column":0},"end":{"line":1,"column":30}},"1":{"start":{"line":2,"column":0},"end":{"line":2,"column":null}},"2":{"start":{"line":8,"column":15},"end":{"line":8,"column":31}},"3":{"start":{"line":10,"column":0},"end":{"line":10,"column":43}},"4":{"start":{"line":11,"column":0},"end":{"line":11,"column":41}},"5":{"start":{"line":12,"column":0},"end":{"line":12,"column":43}},"6":{"start":{"line":14,"column":0},"end":{"line":14,"column":22}}},"fnMap":{},"branchMap":{},"s":{"0":1,"1":1,"2":1,"3":1,"4":1,"5":1,"6":1},"f":{},"b":{}}
}
