TN:
SF:app.ts
FN:18,(anonymous_1)
FNF:1
FNH:1
FNDA:1,(anonymous_1)
DA:1,1
DA:2,1
DA:3,1
DA:4,1
DA:5,1
DA:6,1
DA:8,1
DA:9,1
DA:12,1
DA:13,1
DA:14,1
DA:15,1
DA:17,1
DA:18,1
DA:19,1
DA:22,1
LF:16
LH:16
BRF:0
BRH:0
end_of_record
TN:
SF:controllers\recadoController.ts
FN:6,(anonymous_0)
FN:32,(anonymous_1)
FN:84,(anonymous_2)
FNF:3
FNH:3
FNDA:1,(anonymous_0)
FNDA:1,(anonymous_1)
FNDA:1,(anonymous_2)
DA:2,1
DA:3,1
DA:4,1
DA:6,1
DA:7,1
DA:8,1
DA:10,1
DA:12,1
DA:29,1
DA:32,1
DA:56,1
DA:81,1
DA:84,1
DA:85,1
DA:86,1
DA:87,1
DA:89,1
DA:92,1
LF:18
LH:18
BRF:0
BRH:0
end_of_record
TN:
SF:db\connection.ts
FN:6,(anonymous_0)
FN:14,(anonymous_1)
FN:21,(anonymous_2)
FNF:3
FNH:3
FNDA:2,(anonymous_0)
FNDA:3,(anonymous_1)
FNDA:1,(anonymous_2)
DA:1,1
DA:3,1
DA:7,2
DA:8,0
DA:11,2
DA:15,3
DA:16,2
DA:17,2
DA:22,1
DA:23,0
DA:26,1
LF:11
LH:9
BRDA:7,0,0,0
BRDA:7,0,1,2
BRDA:15,1,0,2
BRDA:15,1,1,1
BRDA:22,2,0,0
BRDA:22,2,1,1
BRF:6
BRH:4
end_of_record
TN:
SF:db\entities\recados.entities.ts
FN:41,(anonymous_2)
FN:30,(anonymous_3)
FN:37,(anonymous_4)
FNF:3
FNH:2
FNDA:6,(anonymous_2)
FNDA:3,(anonymous_3)
FNDA:0,(anonymous_4)
DA:1,1
DA:2,1
DA:10,1
DA:13,1
DA:15,1
DA:18,1
DA:21,1
DA:24,1
DA:27,1
DA:30,1
DA:31,3
DA:32,3
DA:33,3
DA:37,1
DA:38,0
DA:48,6
DA:49,6
DA:50,6
DA:51,6
DA:52,6
DA:53,6
LF:21
LH:20
BRF:0
BRH:0
end_of_record
TN:
SF:db\migrations\1628458160675-CreateTableRecado.ts
FN:4,(anonymous_0)
FN:43,(anonymous_1)
FNF:2
FNH:0
FNDA:0,(anonymous_0)
FNDA:0,(anonymous_1)
DA:1,1
DA:3,1
DA:5,0
DA:44,0
LF:4
LH:2
BRF:0
BRH:0
end_of_record
TN:
SF:routes\recadoRoute.ts
FNF:0
FNH:0
DA:1,1
DA:2,1
DA:8,1
DA:10,1
DA:11,1
DA:12,1
DA:14,1
LF:7
LH:7
BRF:0
BRH:0
end_of_record
